<?xml version="1.0" encoding="UTF-8"?>
<!-- Generated by org.testng.reporters.JUnitReportReporter -->
<testsuite hostname="DESKTOP-JCNP4KB" failures="0" tests="1" name="com.test.LoginTest" time="116.552" errors="1" timestamp="2025-10-23T10:43:41 IST" skipped="0">
  <testcase classname="com.test.LoginTest" name="testValidLogin" time="116.552">
    <error message="Error {
  message=&#039;Timeout 30000ms exceeded.
  name=&#039;TimeoutError
  stack=&#039;TimeoutError: Timeout 30000ms exceeded.
    at ProgressController.run (C:\Users\dell\AppData\Local\Temp\playwright-java-15948696132315150054\package\lib\server\progress.js:65:26)
    at PageDispatcher._runCommand (C:\Users\dell\AppData\Local\Temp\playwright-java-15948696132315150054\package\lib\server\dispatchers\dispatcher.js:91:31)
    at DispatcherConnection.dispatch (C:\Users\dell\AppData\Local\Temp\playwright-java-15948696132315150054\package\lib\server\dispatchers\dispatcher.js:322:39)
}
Call log:
-   - taking page screenshot
-   - waiting for fonts to load...
-   - fonts loaded
" type="com.microsoft.playwright.TimeoutError">
      <![CDATA[com.microsoft.playwright.TimeoutError: Error {
  message='Timeout 30000ms exceeded.
  name='TimeoutError
  stack='TimeoutError: Timeout 30000ms exceeded.
    at ProgressController.run (C:\Users\dell\AppData\Local\Temp\playwright-java-15948696132315150054\package\lib\server\progress.js:65:26)
    at PageDispatcher._runCommand (C:\Users\dell\AppData\Local\Temp\playwright-java-15948696132315150054\package\lib\server\dispatchers\dispatcher.js:91:31)
    at DispatcherConnection.dispatch (C:\Users\dell\AppData\Local\Temp\playwright-java-15948696132315150054\package\lib\server\dispatchers\dispatcher.js:322:39)
}
Call log:
-   - taking page screenshot
-   - waiting for fonts to load...
-   - fonts loaded

at com.microsoft.playwright.impl.WaitableResult.get(WaitableResult.java:52)
at com.microsoft.playwright.impl.ChannelOwner.runUntil(ChannelOwner.java:138)
at com.microsoft.playwright.impl.Connection.sendMessage(Connection.java:131)
at com.microsoft.playwright.impl.ChannelOwner.sendMessage(ChannelOwner.java:124)
at com.microsoft.playwright.impl.PageImpl.screenshotImpl(PageImpl.java:1181)
at com.microsoft.playwright.impl.PageImpl.screenshot(PageImpl.java:1126)
at com.test.BaseTest.captureScreenshot(BaseTest.java:54)
at com.utilities.ExcelListener.onTestFailure(ExcelListener.java:25)
at org.testng.internal.TestListenerHelper.runTestListeners(TestListenerHelper.java:99)
at org.testng.internal.invokers.TestInvoker.runTestResultListener(TestInvoker.java:277)
at org.testng.internal.invokers.TestInvoker.invokeMethod(TestInvoker.java:764)
at org.testng.internal.invokers.TestInvoker.invokeTestMethod(TestInvoker.java:221)
at org.testng.internal.invokers.MethodRunner.runInSequence(MethodRunner.java:50)
at org.testng.internal.invokers.TestInvoker$MethodInvocationAgent.invoke(TestInvoker.java:969)
at org.testng.internal.invokers.TestInvoker.invokeTestMethods(TestInvoker.java:194)
at org.testng.internal.invokers.TestMethodWorker.invokeTestMethods(TestMethodWorker.java:148)
at org.testng.internal.invokers.TestMethodWorker.run(TestMethodWorker.java:128)
at java.base/java.util.ArrayList.forEach(ArrayList.java:1596)
at org.testng.TestRunner.privateRun(TestRunner.java:829)
at org.testng.TestRunner.run(TestRunner.java:602)
at org.testng.SuiteRunner.runTest(SuiteRunner.java:437)
at org.testng.SuiteRunner.runSequentially(SuiteRunner.java:431)
at org.testng.SuiteRunner.privateRun(SuiteRunner.java:391)
at org.testng.SuiteRunner.run(SuiteRunner.java:330)
at org.testng.SuiteRunnerWorker.runSuite(SuiteRunnerWorker.java:52)
at org.testng.SuiteRunnerWorker.run(SuiteRunnerWorker.java:95)
at org.testng.TestNG.runSuitesSequentially(TestNG.java:1256)
at org.testng.TestNG.runSuitesLocally(TestNG.java:1176)
at org.testng.TestNG.runSuites(TestNG.java:1099)
at org.testng.TestNG.run(TestNG.java:1067)
at org.testng.remote.AbstractRemoteTestNG.run(AbstractRemoteTestNG.java:115)
at org.testng.remote.RemoteTestNG.initAndRun(RemoteTestNG.java:293)
at org.testng.remote.RemoteTestNG.main(RemoteTestNG.java:91)
Caused by: com.microsoft.playwright.TimeoutError: Error {
  message='Timeout 30000ms exceeded.
  name='TimeoutError
  stack='TimeoutError: Timeout 30000ms exceeded.
    at ProgressController.run (C:\Users\dell\AppData\Local\Temp\playwright-java-15948696132315150054\package\lib\server\progress.js:65:26)
    at PageDispatcher._runCommand (C:\Users\dell\AppData\Local\Temp\playwright-java-15948696132315150054\package\lib\server\dispatchers\dispatcher.js:91:31)
    at DispatcherConnection.dispatch (C:\Users\dell\AppData\Local\Temp\playwright-java-15948696132315150054\package\lib\server\dispatchers\dispatcher.js:322:39)
}
Call log:
-   - taking page screenshot
-   - waiting for fonts to load...
-   - fonts loaded

at com.microsoft.playwright.impl.Connection.dispatch(Connection.java:257)
at com.microsoft.playwright.impl.Connection.processOneMessage(Connection.java:214)
at com.microsoft.playwright.impl.ChannelOwner.runUntil(ChannelOwner.java:136)
... 31 more
]]>
    </error>
  </testcase> <!-- testValidLogin -->
  <system-out/>
</testsuite> <!-- com.test.LoginTest -->
