<?xml version="1.0" encoding="UTF-8"?>
<!-- Generated by org.testng.reporters.JUnitReportReporter -->
<testsuite hostname="DESKTOP-JCNP4KB" failures="0" tests="1" name="com.test.LoginTest" time="58.854" errors="0" timestamp="2025-10-23T12:16:07 IST" skipped="0">
  <testcase classname="com.test.LoginTest" name="testValidLogin" time="58.854"/>
  <system-out/>
</testsuite> <!-- com.test.LoginTest -->
