<?xml version="1.0" encoding="UTF-8"?>
<!-- Generated by org.testng.reporters.JUnitReportReporter -->
<testsuite hostname="DESKTOP-JCNP4KB" failures="0" tests="1" name="com.test.LoginTest" time="30.980" errors="0" timestamp="2025-10-23T11:09:57 IST" skipped="0">
  <testcase classname="com.test.LoginTest" name="testValidLogin" time="30.980"/>
  <system-out/>
</testsuite> <!-- com.test.LoginTest -->
